<?xml version="1.0" encoding="UTF-8"?>
<robot generator="Robot 3.2.1 (Python 3.7.2 on win32)" generated="20230828 10:00:51.723" rpa="false">
<suite id="s1" name="TC EU" source="C:\Users\m.jlassi\Desktop\workspace3\Suite_De_Test\Enregistrer_utilisateur\TC_EU.robot">
<test id="s1-t1" name="Test Case 1: Register User">
<kw name="Navigate to url" library="function_Globale">
<kw name="Open Browser" library="Selenium2Library">
<doc>Opens a new browser instance to the given ``url``.</doc>
<arguments>
<arg>about:blank</arg>
<arg>chrome</arg>
</arguments>
<msg timestamp="20230828 10:00:54.407" level="INFO">Opening browser 'chrome' to base url 'about:blank'.</msg>
<status status="PASS" starttime="20230828 10:00:54.406" endtime="20230828 10:00:57.901"></status>
</kw>
<status status="PASS" starttime="20230828 10:00:54.406" endtime="20230828 10:00:57.901"></status>
</kw>
<kw name="Accédez à l'URL 'http://automationexercise.com'" library="function_Globale">
<kw name="Go To" library="Selenium2Library">
<doc>Navigates the active browser instance to the provided ``url``.</doc>
<arguments>
<arg>${url}</arg>
</arguments>
<msg timestamp="20230828 10:00:57.909" level="INFO">Opening url 'http://automationexercise.com'</msg>
<status status="PASS" starttime="20230828 10:00:57.909" endtime="20230828 10:01:02.275"></status>
</kw>
<status status="PASS" starttime="20230828 10:00:57.909" endtime="20230828 10:01:02.275"></status>
</kw>
<kw name="Verify that home page is visible successfully" library="function_Globale">
<kw name="Wait Until Element Is Visible" library="Selenium2Library">
<doc>Waits until element ``locator`` is visible.</doc>
<arguments>
<arg>${bouton_login_seconnecter}</arg>
</arguments>
<status status="PASS" starttime="20230828 10:01:02.276" endtime="20230828 10:01:02.309"></status>
</kw>
<status status="PASS" starttime="20230828 10:01:02.276" endtime="20230828 10:01:02.309"></status>
</kw>
<kw name="Click on 'Signup / Login' button" library="function_Globale">
<kw name="Click Link" library="Selenium2Library">
<doc>Clicks a link identified by ``locator``.</doc>
<arguments>
<arg>${bouton_login_seconnecter}</arg>
</arguments>
<msg timestamp="20230828 10:01:02.310" level="INFO">Clicking link '//a[@href="/login"]'.</msg>
<status status="PASS" starttime="20230828 10:01:02.310" endtime="20230828 10:01:03.070"></status>
</kw>
<status status="PASS" starttime="20230828 10:01:02.309" endtime="20230828 10:01:03.070"></status>
</kw>
<kw name="Verify 'New User Signup!' is visible" library="function_EU">
<kw name="Wait Until Element Is Visible" library="Selenium2Library">
<doc>Waits until element ``locator`` is visible.</doc>
<arguments>
<arg>${visibilité_inscription}</arg>
</arguments>
<status status="PASS" starttime="20230828 10:01:03.072" endtime="20230828 10:01:03.105"></status>
</kw>
<status status="PASS" starttime="20230828 10:01:03.071" endtime="20230828 10:01:03.105"></status>
</kw>
<kw name="Enter name" library="function_EU">
<kw name="Input Text" library="Selenium2Library">
<doc>Types the given ``text`` into text field identified by ``locator``.</doc>
<arguments>
<arg>${user_name}</arg>
<arg>Mounaaaa</arg>
</arguments>
<msg timestamp="20230828 10:01:03.107" level="INFO">Typing text 'Mounaaaa' into text field '//input[@type="text"]'.</msg>
<status status="PASS" starttime="20230828 10:01:03.107" endtime="20230828 10:01:03.505"></status>
</kw>
<status status="PASS" starttime="20230828 10:01:03.106" endtime="20230828 10:01:03.506"></status>
</kw>
<kw name="Enter mail adress" library="function_EU">
<kw name="Generate Random String" library="String">
<doc>Generates a string with a desired ``length`` from the given ``chars``.</doc>
<arguments>
<arg>10</arg>
<arg>[LOWER]</arg>
</arguments>
<assign>
<var>${random_string}</var>
</assign>
<msg timestamp="20230828 10:01:03.508" level="INFO">${random_string} = pztiqnpdys</msg>
<status status="PASS" starttime="20230828 10:01:03.507" endtime="20230828 10:01:03.508"></status>
</kw>
<kw name="Catenate" library="BuiltIn">
<doc>Catenates the given items together and returns the resulted string.</doc>
<arguments>
<arg>${random_string}@gmail.com</arg>
</arguments>
<assign>
<var>${email}</var>
</assign>
<msg timestamp="20230828 10:01:03.509" level="INFO">${email} = pztiqnpdys@gmail.com</msg>
<status status="PASS" starttime="20230828 10:01:03.508" endtime="20230828 10:01:03.509"></status>
</kw>
<kw name="Log" library="BuiltIn">
<doc>Logs the given message with the given level.</doc>
<arguments>
<arg>Random Email: ${email}</arg>
</arguments>
<msg timestamp="20230828 10:01:03.509" level="INFO">Random Email: pztiqnpdys@gmail.com</msg>
<status status="PASS" starttime="20230828 10:01:03.509" endtime="20230828 10:01:03.509"></status>
</kw>
<kw name="Input Text" library="Selenium2Library">
<doc>Types the given ``text`` into text field identified by ``locator``.</doc>
<arguments>
<arg>${mail_adress}</arg>
<arg>${email}</arg>
</arguments>
<msg timestamp="20230828 10:01:03.510" level="INFO">Typing text 'pztiqnpdys@gmail.com' into text field '(//input[@type="email"])[2]'.</msg>
<status status="PASS" starttime="20230828 10:01:03.510" endtime="20230828 10:01:03.686"></status>
</kw>
<status status="PASS" starttime="20230828 10:01:03.506" endtime="20230828 10:01:03.686"></status>
</kw>
<kw name="Click 'Signup' button" library="function_EU">
<kw name="Click Button" library="Selenium2Library">
<doc>Clicks button identified by ``locator``.</doc>
<arguments>
<arg>${bouton_signup}</arg>
</arguments>
<msg timestamp="20230828 10:01:03.687" level="INFO">Clicking button '//button[@data-qa="signup-button"]'.</msg>
<status status="PASS" starttime="20230828 10:01:03.687" endtime="20230828 10:01:04.511"></status>
</kw>
<status status="PASS" starttime="20230828 10:01:03.687" endtime="20230828 10:01:04.512"></status>
</kw>
<kw name="Verify that ENTER ACCOUNT INFORMATION is visible" library="function_EU">
<kw name="Wait Until Element Is Visible" library="Selenium2Library">
<doc>Waits until element ``locator`` is visible.</doc>
<arguments>
<arg>${verify_account-information}</arg>
</arguments>
<status status="PASS" starttime="20230828 10:01:04.513" endtime="20230828 10:01:04.551"></status>
</kw>
<status status="PASS" starttime="20230828 10:01:04.513" endtime="20230828 10:01:04.551"></status>
</kw>
<kw name="Remplissez les détails : titre, nom, e-mail, mot de passe, date de naissance" library="function_EU">
<kw name="Click Element" library="Selenium2Library">
<doc>Click element identified by ``locator``.</doc>
<arguments>
<arg>//div[@id="uniform-id_gender2"]</arg>
</arguments>
<msg timestamp="20230828 10:01:04.553" level="INFO">Clicking element '//div[@id="uniform-id_gender2"]'.</msg>
<status status="PASS" starttime="20230828 10:01:04.552" endtime="20230828 10:01:04.617"></status>
</kw>
<kw name="Input Text" library="Selenium2Library">
<doc>Types the given ``text`` into text field identified by ``locator``.</doc>
<arguments>
<arg>${name}</arg>
<arg>mouna</arg>
</arguments>
<msg timestamp="20230828 10:01:04.617" level="INFO">Typing text 'mouna' into text field '//input[@type="text"]'.</msg>
<status status="PASS" starttime="20230828 10:01:04.617" endtime="20230828 10:01:05.022"></status>
</kw>
<kw name="Input Text" library="Selenium2Library">
<doc>Types the given ``text`` into text field identified by ``locator``.</doc>
<arguments>
<arg>${mail}</arg>
<arg>jlassimouna@gmail.com</arg>
</arguments>
<msg timestamp="20230828 10:01:05.023" level="INFO">Typing text 'jlassimouna@gmail.com' into text field '(//input[@type="text"])[3]'.</msg>
<status status="PASS" starttime="20230828 10:01:05.022" endtime="20230828 10:01:05.135"></status>
</kw>
<kw name="Input Text" library="Selenium2Library">
<doc>Types the given ``text`` into text field identified by ``locator``.</doc>
<arguments>
<arg>${password}</arg>
<arg>mounasofrecom</arg>
</arguments>
<msg timestamp="20230828 10:01:05.135" level="INFO">Typing text 'mounasofrecom' into text field '//input[@type="password"]'.</msg>
<status status="PASS" starttime="20230828 10:01:05.135" endtime="20230828 10:01:05.236"></status>
</kw>
<kw name="Select From List By Label" library="Selenium2Library">
<doc>Selects options from selection list ``locator`` by ``labels``.</doc>
<arguments>
<arg>//select[@id="days"]</arg>
<arg>25</arg>
</arguments>
<msg timestamp="20230828 10:01:05.236" level="INFO">Selecting options from selection list '//select[@id="days"]' by label 25.</msg>
<status status="PASS" starttime="20230828 10:01:05.236" endtime="20230828 10:01:05.329"></status>
</kw>
<kw name="Select From List By Label" library="Selenium2Library">
<doc>Selects options from selection list ``locator`` by ``labels``.</doc>
<arguments>
<arg>//select[@id="months"]</arg>
<arg>April</arg>
</arguments>
<msg timestamp="20230828 10:01:05.329" level="INFO">Selecting options from selection list '//select[@id="months"]' by label April.</msg>
<status status="PASS" starttime="20230828 10:01:05.329" endtime="20230828 10:01:05.400"></status>
</kw>
<kw name="Select From List By Label" library="Selenium2Library">
<doc>Selects options from selection list ``locator`` by ``labels``.</doc>
<arguments>
<arg>//select[@id="years"]</arg>
<arg>2003</arg>
</arguments>
<msg timestamp="20230828 10:01:05.401" level="INFO">Selecting options from selection list '//select[@id="years"]' by label 2003.</msg>
<status status="PASS" starttime="20230828 10:01:05.401" endtime="20230828 10:01:05.474"></status>
</kw>
<status status="PASS" starttime="20230828 10:01:04.552" endtime="20230828 10:01:05.474"></status>
</kw>
<kw name="Select checkbox 'Sign up for our newsletter!'" library="function_EU">
<kw name="Click Element" library="Selenium2Library">
<doc>Click element identified by ``locator``.</doc>
<arguments>
<arg>//input[@type="checkbox"]</arg>
</arguments>
<msg timestamp="20230828 10:01:05.476" level="INFO">Clicking element '//input[@type="checkbox"]'.</msg>
<status status="PASS" starttime="20230828 10:01:05.476" endtime="20230828 10:01:05.544"></status>
</kw>
<status status="PASS" starttime="20230828 10:01:05.475" endtime="20230828 10:01:05.544"></status>
</kw>
<kw name="Select checkbox 'Receive special offers from our partners!'" library="function_EU">
<kw name="Click Element" library="Selenium2Library">
<doc>Click element identified by ``locator``.</doc>
<arguments>
<arg>(//input[@type="checkbox"])[2]</arg>
</arguments>
<msg timestamp="20230828 10:01:05.547" level="INFO">Clicking element '(//input[@type="checkbox"])[2]'.</msg>
<status status="PASS" starttime="20230828 10:01:05.546" endtime="20230828 10:01:05.609"></status>
</kw>
<status status="PASS" starttime="20230828 10:01:05.545" endtime="20230828 10:01:05.609"></status>
</kw>
<kw name="Fill details: First name, Last name, Company, Address, Address2, Country, State, City, Zipcode, Mobile Number" library="function_EU">
<kw name="Open Browser" library="Selenium2Library">
<doc>Opens a new browser instance to the given ``url``.</doc>
<arguments>
<arg>about:blank</arg>
<arg>chrome</arg>
</arguments>
<msg timestamp="20230828 10:01:05.611" level="INFO">Opening browser 'chrome' to base url 'about:blank'.</msg>
<status status="PASS" starttime="20230828 10:01:05.611" endtime="20230828 10:01:08.385"></status>
</kw>
<kw name="Get File">
<arguments>
<arg>data.csv</arg>
</arguments>
<assign>
<var>${lines}=</var>
</assign>
<msg timestamp="20230828 10:01:08.391" level="FAIL">No keyword with name 'Get File' found. Did you mean:
    Selenium2Library.Get Title
    BuiltIn.Get Time
    String.Get Line</msg>
<status status="FAIL" starttime="20230828 10:01:08.391" endtime="20230828 10:01:08.395"></status>
</kw>
<status status="FAIL" starttime="20230828 10:01:05.610" endtime="20230828 10:01:08.395"></status>
</kw>
<status status="FAIL" starttime="20230828 10:00:54.405" endtime="20230828 10:01:08.404" critical="yes">No keyword with name 'Get File' found. Did you mean:
    Selenium2Library.Get Title
    BuiltIn.Get Time
    String.Get Line</status>
</test>
<status status="FAIL" starttime="20230828 10:00:51.737" endtime="20230828 10:01:08.411"></status>
</suite>
<statistics>
<total>
<stat pass="0" fail="1">Critical Tests</stat>
<stat pass="0" fail="1">All Tests</stat>
</total>
<tag>
</tag>
<suite>
<stat pass="0" fail="1" id="s1" name="TC EU">TC EU</stat>
</suite>
</statistics>
<errors>
<msg timestamp="20230828 10:00:54.336" level="ERROR">Error in file 'C:\Users\m.jlassi\Desktop\workspace3\Suite_De_Test\function_Global\function_Globale.robot' on line 3: Importing test library 'Library' failed: ModuleNotFoundError: No module named 'Library'
Traceback (most recent call last):
  None
PYTHONPATH:
  C:\Python37\Scripts\robot.exe
  c:\python37\python37.zip
  c:\python37\DLLs
  c:\python37\lib
  c:\python37
  c:\python37\lib\site-packages
  c:\python37\lib\site-packages\win32
  c:\python37\lib\site-packages\win32\lib
  c:\python37\lib\site-packages\Pythonwin</msg>
<msg timestamp="20230828 10:00:54.402" level="ERROR">Error in file 'C:\Users\m.jlassi\Desktop\workspace3\Suite_De_Test\Enregistrer_utilisateur\function_EU\function_EU.robot' on line 6: Invalid resource file extension '.csv'. Supported extensions are '.resource', '.robot', '.txt', '.tsv', '.rst' and '.rest'.</msg>
</errors>
</robot>
