<?xml version="1.0" encoding="UTF-8"?>
<robot generator="Robot 3.2.1 (Python 3.7.2 on win32)" generated="20230822 14:50:41.382" rpa="false">
<suite id="s1" name="Testmail" source="C:\Users\m.jlassi\Desktop\workspace3\Suite_De_Test\testmail.robot">
<test id="s1-t1" name="autogeneration de mail">
<kw name="Generate Random String" library="String">
<doc>Generates a string with a desired ``length`` from the given ``chars``.</doc>
<arguments>
<arg>10</arg>
<arg>[LOWER]</arg>
</arguments>
<assign>
<var>${random_string}</var>
</assign>
<msg timestamp="20230822 14:50:43.282" level="INFO">${random_string} = izttktcbec</msg>
<status status="PASS" starttime="20230822 14:50:43.282" endtime="20230822 14:50:43.282"></status>
</kw>
<kw name="Catenate" library="BuiltIn">
<doc>Catenates the given items together and returns the resulted string.</doc>
<arguments>
<arg>${random_string}@gmail.com</arg>
</arguments>
<assign>
<var>${email}</var>
</assign>
<msg timestamp="20230822 14:50:43.283" level="INFO">${email} = izttktcbec@gmail.com</msg>
<status status="PASS" starttime="20230822 14:50:43.282" endtime="20230822 14:50:43.283"></status>
</kw>
<kw name="Log" library="BuiltIn">
<doc>Logs the given message with the given level.</doc>
<arguments>
<arg>Random Email: ${email}</arg>
</arguments>
<msg timestamp="20230822 14:50:43.284" level="INFO">Random Email: izttktcbec@gmail.com</msg>
<status status="PASS" starttime="20230822 14:50:43.283" endtime="20230822 14:50:43.284"></status>
</kw>
<status status="PASS" starttime="20230822 14:50:43.281" endtime="20230822 14:50:43.284" critical="yes"></status>
</test>
<status status="PASS" starttime="20230822 14:50:41.397" endtime="20230822 14:50:43.285"></status>
</suite>
<statistics>
<total>
<stat pass="1" fail="0">Critical Tests</stat>
<stat pass="1" fail="0">All Tests</stat>
</total>
<tag>
</tag>
<suite>
<stat pass="1" fail="0" id="s1" name="Testmail">Testmail</stat>
</suite>
</statistics>
<errors>
</errors>
</robot>
